Added Component: Designator=C1(C0603_M)
Add component (AddParameter): Name = "BOM名称"; Value = "无极性贴片电容"; VariantName = "[No Variations]"
Add component (AddParameter): Name = "联系卖家，免费查找封装"; Value = "唯一出售店铺网址https://shop463601444.taobao.com"; VariantName = "[No Variations]"
Added Component: Designator=C2(C0603_M)
Add component (AddParameter): Name = "BOM名称"; Value = "无极性贴片电容"; VariantName = "[No Variations]"
Add component (AddParameter): Name = "当前库版本V2022.11.14 @淘宝卖家:黄晶宝石"; Value = "最新版本发布https://shop463601444.taobao.com"; VariantName = "[No Variations]"
Added Component: Designator=C3(C0603_M)
Add component (AddParameter): Name = "BOM名称"; Value = "无极性贴片电容"; VariantName = "[No Variations]"
Add component (AddParameter): Name = "当前库版本V2022.11.14 @淘宝卖家:黄晶宝石"; Value = "最新版本发布https://shop463601444.taobao.com"; VariantName = "[No Variations]"
Added Component: Designator=C4(C0603_M)
Add component (AddParameter): Name = "BOM名称"; Value = "无极性贴片电容"; VariantName = "[No Variations]"
Add component (AddParameter): Name = "当前库版本V2022.11.14 @淘宝卖家:黄晶宝石"; Value = "最新版本发布https://shop463601444.taobao.com"; VariantName = "[No Variations]"
Added Component: Designator=C5(C0603_M)
Add component (AddParameter): Name = "BOM名称"; Value = "无极性贴片电容"; VariantName = "[No Variations]"
Add component (AddParameter): Name = "当前库版本V2022.11.14 @淘宝卖家:黄晶宝石"; Value = "最新版本发布https://shop463601444.taobao.com"; VariantName = "[No Variations]"
Added Component: Designator=C6(C0603_M)
Add component (AddParameter): Name = "BOM名称"; Value = "无极性贴片电容"; VariantName = "[No Variations]"
Add component (AddParameter): Name = "当前库版本V2022.11.14 @淘宝卖家:黄晶宝石"; Value = "最新版本发布https://shop463601444.taobao.com"; VariantName = "[No Variations]"
Added Component: Designator=C7(C0603_M)
Add component (AddParameter): Name = "BOM名称"; Value = "无极性贴片电容"; VariantName = "[No Variations]"
Add component (AddParameter): Name = "联系卖家，免费查找封装"; Value = "唯一出售店铺网址https://shop463601444.taobao.com"; VariantName = "[No Variations]"
Added Component: Designator=C8(C0603_M)
Add component (AddParameter): Name = "BOM名称"; Value = "无极性贴片电容"; VariantName = "[No Variations]"
Add component (AddParameter): Name = "学习资源"; Value = "www.ooocke.com"; VariantName = "[No Variations]"
Add component (AddParameter): Name = "版权归属"; Value = "源创客"; VariantName = "[No Variations]"
Added Component: Designator=C9(C0603_M)
Add component (AddParameter): Name = "BOM名称"; Value = "无极性贴片电容"; VariantName = "[No Variations]"
Add component (AddParameter): Name = "联系卖家，免费查找封装"; Value = "唯一出售店铺网址https://shop463601444.taobao.com"; VariantName = "[No Variations]"
Added Component: Designator=C10(C0603_M)
Add component (AddParameter): Name = "BOM名称"; Value = "无极性贴片电容"; VariantName = "[No Variations]"
Add component (AddParameter): Name = "联系卖家，免费查找封装"; Value = "唯一出售店铺网址https://shop463601444.taobao.com"; VariantName = "[No Variations]"
Added Component: Designator=C11(C0603_M)
Add component (AddParameter): Name = "BOM名称"; Value = "无极性贴片电容"; VariantName = "[No Variations]"
Add component (AddParameter): Name = "联系卖家，免费查找封装"; Value = "唯一出售店铺网址https://shop463601444.taobao.com"; VariantName = "[No Variations]"
Added Component: Designator=C12(C0603_M)
Add component (AddParameter): Name = "BOM名称"; Value = "无极性贴片电容"; VariantName = "[No Variations]"
Add component (AddParameter): Name = "联系卖家，免费查找封装"; Value = "唯一出售店铺网址https://shop463601444.taobao.com"; VariantName = "[No Variations]"
Added Component: Designator=C13(C0603_M)
Add component (AddParameter): Name = "BOM名称"; Value = "无极性贴片电容"; VariantName = "[No Variations]"
Add component (AddParameter): Name = "联系卖家，免费查找封装"; Value = "唯一出售店铺网址https://shop463601444.taobao.com"; VariantName = "[No Variations]"
Added Component: Designator=C14(C0603_M)
Add component (AddParameter): Name = "BOM名称"; Value = "无极性贴片电容"; VariantName = "[No Variations]"
Add component (AddParameter): Name = "联系卖家，免费查找封装"; Value = "唯一出售店铺网址https://shop463601444.taobao.com"; VariantName = "[No Variations]"
Added Component: Designator=C15(C0603_M)
Add component (AddParameter): Name = "BOM名称"; Value = "无极性贴片电容"; VariantName = "[No Variations]"
Add component (AddParameter): Name = "联系卖家，免费查找封装"; Value = "唯一出售店铺网址https://shop463601444.taobao.com"; VariantName = "[No Variations]"
Added Component: Designator=C16(C0603_M)
Add component (AddParameter): Name = "BOM名称"; Value = "无极性贴片电容"; VariantName = "[No Variations]"
Add component (AddParameter): Name = "联系卖家，免费查找封装"; Value = "唯一出售店铺网址https://shop463601444.taobao.com"; VariantName = "[No Variations]"
Added Component: Designator=C17(C0603_M)
Add component (AddParameter): Name = "BOM名称"; Value = "无极性贴片电容"; VariantName = "[No Variations]"
Add component (AddParameter): Name = "联系卖家，免费查找封装"; Value = "唯一出售店铺网址https://shop463601444.taobao.com"; VariantName = "[No Variations]"
Added Component: Designator=C18(C0603_M)
Add component (AddParameter): Name = "BOM名称"; Value = "无极性贴片电容"; VariantName = "[No Variations]"
Add component (AddParameter): Name = "联系卖家，免费查找封装"; Value = "唯一出售店铺网址https://shop463601444.taobao.com"; VariantName = "[No Variations]"
Added Component: Designator=C19(C0603_M)
Add component (AddParameter): Name = "BOM名称"; Value = "无极性贴片电容"; VariantName = "[No Variations]"
Add component (AddParameter): Name = "联系卖家，免费查找封装"; Value = "唯一出售店铺网址https://shop463601444.taobao.com"; VariantName = "[No Variations]"
Added Component: Designator=C20(C0603_M)
Add component (AddParameter): Name = "BOM名称"; Value = "无极性贴片电容"; VariantName = "[No Variations]"
Add component (AddParameter): Name = "联系卖家，免费查找封装"; Value = "唯一出售店铺网址https://shop463601444.taobao.com"; VariantName = "[No Variations]"
Added Component: Designator=C21(C0603_M)
Add component (AddParameter): Name = "BOM名称"; Value = "无极性贴片电容"; VariantName = "[No Variations]"
Add component (AddParameter): Name = "联系卖家，免费查找封装"; Value = "唯一出售店铺网址https://shop463601444.taobao.com"; VariantName = "[No Variations]"
Added Component: Designator=C22(C0603_M)
Add component (AddParameter): Name = "BOM名称"; Value = "无极性贴片电容"; VariantName = "[No Variations]"
Add component (AddParameter): Name = "联系卖家，免费查找封装"; Value = "唯一出售店铺网址https://shop463601444.taobao.com"; VariantName = "[No Variations]"
Added Component: Designator=C23(C0603_M)
Add component (AddParameter): Name = "BOM名称"; Value = "无极性贴片电容"; VariantName = "[No Variations]"
Add component (AddParameter): Name = "当前库版本V2022.11.14 @淘宝卖家:黄晶宝石"; Value = "最新版本发布https://shop463601444.taobao.com"; VariantName = "[No Variations]"
Added Component: Designator=C24(C0603_M)
Add component (AddParameter): Name = "BOM名称"; Value = "无极性贴片电容"; VariantName = "[No Variations]"
Add component (AddParameter): Name = "当前库版本V2022.11.14 @淘宝卖家:黄晶宝石"; Value = "最新版本发布https://shop463601444.taobao.com"; VariantName = "[No Variations]"
Added Component: Designator=C25(C0603_M)
Add component (AddParameter): Name = "BOM名称"; Value = "无极性贴片电容"; VariantName = "[No Variations]"
Add component (AddParameter): Name = "当前库版本V2022.11.14 @淘宝卖家:黄晶宝石"; Value = "最新版本发布https://shop463601444.taobao.com"; VariantName = "[No Variations]"
Added Component: Designator=CE1(CE-3.5*8*11.5 - BK - duplicate)
Add component (AddParameter): Name = "BOM名称"; Value = "直插电解电容"; VariantName = "[No Variations]"
Add component (AddParameter): Name = "联系卖家，免费查找封装"; Value = "唯一出售店铺网址https://shop463601444.taobao.com"; VariantName = "[No Variations]"
Added Component: Designator=JP1(HDR2.54-M-LI-4P)
Add component (AddParameter): Name = "BOM名称"; Value = "4P接插件"; VariantName = "[No Variations]"
Add component (AddParameter): Name = "封装库来自淘宝卖家 ID：黄晶宝石"; Value = "其他店铺购入均为盗版假冒封装库"; VariantName = "[No Variations]"
Add component (AddParameter): Name = "联系卖家，免费查找封装"; Value = "唯一出售店铺网址https://shop463601444.taobao.com"; VariantName = "[No Variations]"
Added Component: Designator=JP2(HDR2.54-M-LI-4P)
Add component (AddParameter): Name = "BOM名称"; Value = "4P接插件"; VariantName = "[No Variations]"
Add component (AddParameter): Name = "封装库来自淘宝卖家 ID：黄晶宝石"; Value = "其他店铺购入均为盗版假冒封装库"; VariantName = "[No Variations]"
Add component (AddParameter): Name = "联系卖家，免费查找封装"; Value = "唯一出售店铺网址https://shop463601444.taobao.com"; VariantName = "[No Variations]"
Added Component: Designator=JP3(HDR2.54-M-LI-4P)
Add component (AddParameter): Name = "BOM名称"; Value = "4P接插件"; VariantName = "[No Variations]"
Add component (AddParameter): Name = "封装库来自淘宝卖家 ID：黄晶宝石"; Value = "其他店铺购入均为盗版假冒封装库"; VariantName = "[No Variations]"
Add component (AddParameter): Name = "联系卖家，免费查找封装"; Value = "唯一出售店铺网址https://shop463601444.taobao.com"; VariantName = "[No Variations]"
Added Component: Designator=JP4(XH2.54-LI-6P)
Add component (AddParameter): Name = "BOM名称"; Value = "6P接插件"; VariantName = "[No Variations]"
Add component (AddParameter): Name = "封装库来自淘宝卖家ID：黄晶宝石"; Value = "其他店铺购入均为盗版封装库，请立即申请退款，本店现金奖励50~200元"; VariantName = "[No Variations]"
Add component (AddParameter): Name = "联系卖家，免费查找封装"; Value = "唯一出售店铺网址https://shop463601444.taobao.com"; VariantName = "[No Variations]"
Added Component: Designator=JP5(XH2.54-LI-6P)
Add component (AddParameter): Name = "BOM名称"; Value = "6P接插件"; VariantName = "[No Variations]"
Add component (AddParameter): Name = "封装库来自淘宝卖家ID：黄晶宝石"; Value = "其他店铺购入均为盗版封装库，请立即申请退款，本店现金奖励50~200元"; VariantName = "[No Variations]"
Add component (AddParameter): Name = "联系卖家，免费查找封装"; Value = "唯一出售店铺网址https://shop463601444.taobao.com"; VariantName = "[No Variations]"
Added Component: Designator=JP6(XT60PW-M)
Added Component: Designator=LED1(LED0805_B)
Add component (AddParameter): Name = "BOM名称"; Value = "贴片LED"; VariantName = "[No Variations]"
Add component (AddParameter): Name = "封装库来自淘宝卖家：黄晶宝石"; Value = "其他店铺购入均为盗版封装库，无更新权益，请立即申请退款，本店现金奖励200~1000元"; VariantName = "[No Variations]"
Added Component: Designator=LED2(LED0805_B)
Add component (AddParameter): Name = "BOM名称"; Value = "贴片LED"; VariantName = "[No Variations]"
Add component (AddParameter): Name = "封装库来自淘宝卖家：黄晶宝石"; Value = "其他店铺购入均为盗版封装库，无更新权益，请立即申请退款，本店现金奖励200~1000元"; VariantName = "[No Variations]"
Added Component: Designator=LED3(LED0805_B)
Add component (AddParameter): Name = "BOM名称"; Value = "贴片LED"; VariantName = "[No Variations]"
Add component (AddParameter): Name = "联系卖家 免费查找封装"; Value = "封装库来自淘宝卖家ID：黄晶宝石"; VariantName = "[No Variations]"
Added Component: Designator=LED4(LED0805_R)
Add component (AddParameter): Name = "BOM名称"; Value = "贴片LED"; VariantName = "[No Variations]"
Add component (AddParameter): Name = "联系卖家 免费查找封装"; Value = "封装库来自淘宝卖家ID：黄晶宝石"; VariantName = "[No Variations]"
Added Component: Designator=MCU(STM-LQFP48_N)
Added Component: Designator=Q1(SOT23)
Add component (AddParameter): Name = "BOM_JLCPCB Part Class"; Value = "Extended Part"; VariantName = "[No Variations]"
Add component (AddParameter): Name = "BOM_Manufacturer"; Value = "TWGMC"; VariantName = "[No Variations]"
Add component (AddParameter): Name = "BOM_Manufacturer Part"; Value = "AO3401"; VariantName = "[No Variations]"
Add component (AddParameter): Name = "BOM_Supplier"; Value = "LCSC"; VariantName = "[No Variations]"
Add component (AddParameter): Name = "BOM_Supplier Part"; Value = "C727156"; VariantName = "[No Variations]"
Add component (AddParameter): Name = "Contributor"; Value = "LCSC"; VariantName = "[No Variations]"
Add component (AddParameter): Name = "spicePre"; Value = "Q"; VariantName = "[No Variations]"
Add component (AddParameter): Name = "spiceSymbolName"; Value = "AO3401_C727156"; VariantName = "[No Variations]"
Added Component: Designator=R1(R0603_M)
Add component (AddParameter): Name = "BOM名称"; Value = "贴片电阻"; VariantName = "[No Variations]"
Add component (AddParameter): Name = "联系卖家，免费查找封装"; Value = "唯一出售店铺网址https://shop463601444.taobao.com"; VariantName = "[No Variations]"
Added Component: Designator=R2(R0603_M)
Add component (AddParameter): Name = "BOM名称"; Value = "贴片电阻"; VariantName = "[No Variations]"
Add component (AddParameter): Name = "联系卖家，免费查找封装"; Value = "唯一出售店铺网址https://shop463601444.taobao.com"; VariantName = "[No Variations]"
Added Component: Designator=R3(R0603_M)
Add component (AddParameter): Name = "BOM名称"; Value = "贴片电阻"; VariantName = "[No Variations]"
Add component (AddParameter): Name = "学习资源"; Value = "www.ooocke.com"; VariantName = "[No Variations]"
Add component (AddParameter): Name = "版权归属"; Value = "源创客"; VariantName = "[No Variations]"
Added Component: Designator=R4(R0603_M)
Add component (AddParameter): Name = "BOM名称"; Value = "贴片电阻"; VariantName = "[No Variations]"
Add component (AddParameter): Name = "联系卖家，免费查找封装"; Value = "唯一出售店铺网址https://shop463601444.taobao.com"; VariantName = "[No Variations]"
Added Component: Designator=R5(R0603_M)
Add component (AddParameter): Name = "BOM名称"; Value = "贴片电阻"; VariantName = "[No Variations]"
Add component (AddParameter): Name = "联系卖家，免费查找封装"; Value = "唯一出售店铺网址https://shop463601444.taobao.com"; VariantName = "[No Variations]"
Added Component: Designator=R6(R0603_M)
Add component (AddParameter): Name = "BOM名称"; Value = "贴片电阻"; VariantName = "[No Variations]"
Add component (AddParameter): Name = "联系卖家，免费查找封装"; Value = "唯一出售店铺网址https://shop463601444.taobao.com"; VariantName = "[No Variations]"
Added Component: Designator=R7(R0603_M)
Add component (AddParameter): Name = "BOM名称"; Value = "贴片电阻"; VariantName = "[No Variations]"
Add component (AddParameter): Name = "联系卖家，免费查找封装"; Value = "唯一出售店铺网址https://shop463601444.taobao.com"; VariantName = "[No Variations]"
Added Component: Designator=R8(R0603_M)
Add component (AddParameter): Name = "BOM名称"; Value = "贴片电阻"; VariantName = "[No Variations]"
Add component (AddParameter): Name = "联系卖家，免费查找封装"; Value = "唯一出售店铺网址https://shop463601444.taobao.com"; VariantName = "[No Variations]"
Added Component: Designator=R9(R0603_M)
Add component (AddParameter): Name = "BOM名称"; Value = "贴片电阻"; VariantName = "[No Variations]"
Add component (AddParameter): Name = "联系卖家，免费查找封装"; Value = "唯一出售店铺网址https://shop463601444.taobao.com"; VariantName = "[No Variations]"
Added Component: Designator=R10(R0603_M)
Add component (AddParameter): Name = "BOM名称"; Value = "贴片电阻"; VariantName = "[No Variations]"
Add component (AddParameter): Name = "联系卖家，免费查找封装"; Value = "唯一出售店铺网址https://shop463601444.taobao.com"; VariantName = "[No Variations]"
Added Component: Designator=R11(R0603_M)
Add component (AddParameter): Name = "BOM名称"; Value = "贴片电阻"; VariantName = "[No Variations]"
Add component (AddParameter): Name = "联系卖家，免费查找封装"; Value = "唯一出售店铺网址https://shop463601444.taobao.com"; VariantName = "[No Variations]"
Added Component: Designator=RESET1(SW SMD-3*6*5)
Added Component: Designator=S1(MTS-10x)
Add component (AddParameter): Name = "BOM名称"; Value = "MTS10x系列3脚扭子开关"; VariantName = "[No Variations]"
Add component (AddParameter): Name = "学习资源"; Value = "www.ooocke.com"; VariantName = "[No Variations]"
Add component (AddParameter): Name = "版权归属"; Value = "源创客"; VariantName = "[No Variations]"
Added Component: Designator=S2(SS-12D0703)
Add component (AddParameter): Name = "BOM名称"; Value = "波动开关"; VariantName = "[No Variations]"
Add component (AddParameter): Name = "学习资源"; Value = "www.ooocke.com"; VariantName = "[No Variations]"
Add component (AddParameter): Name = "版权归属"; Value = "源创客"; VariantName = "[No Variations]"
Added Component: Designator=TB6612(SSOP-24_L8.3-W5.6-P0.65-LS7.6-BL)
Added Component: Designator=TPSC1(C0603_M)
Add component (AddParameter): Name = "BOM名称"; Value = "无极性贴片电容"; VariantName = "[No Variations]"
Add component (AddParameter): Name = "联系卖家，免费查找封装"; Value = "唯一出售店铺网址https://shop463601444.taobao.com"; VariantName = "[No Variations]"
Added Component: Designator=TPSC2(C0603_M)
Add component (AddParameter): Name = "BOM名称"; Value = "无极性贴片电容"; VariantName = "[No Variations]"
Add component (AddParameter): Name = "联系卖家，免费查找封装"; Value = "唯一出售店铺网址https://shop463601444.taobao.com"; VariantName = "[No Variations]"
Added Component: Designator=TPSD1(SMA)
Add component (AddParameter): Name = "BOM名称"; Value = "肖特基二极管"; VariantName = "[No Variations]"
Add component (AddParameter): Name = "联系卖家，免费查找封装"; Value = "唯一出售店铺网址https://shop463601444.taobao.com"; VariantName = "[No Variations]"
Added Component: Designator=TPSL1(L 0630)
Added Component: Designator=TPSR1(R0603_M)
Add component (AddParameter): Name = "BOM名称"; Value = "贴片电阻"; VariantName = "[No Variations]"
Add component (AddParameter): Name = "联系卖家，免费查找封装"; Value = "唯一出售店铺网址https://shop463601444.taobao.com"; VariantName = "[No Variations]"
Added Component: Designator=TPSR2(R0603_M)
Add component (AddParameter): Name = "BOM名称"; Value = "贴片电阻"; VariantName = "[No Variations]"
Add component (AddParameter): Name = "联系卖家，免费查找封装"; Value = "唯一出售店铺网址https://shop463601444.taobao.com"; VariantName = "[No Variations]"
Added Component: Designator=U2(E01-2G4M01S1B)
Added Component: Designator=U3(TPS5430DAR)
Added Component: Designator=U4(QFN24 4x4_M)
Added Component: Designator=U5(SOT-23-5)
Add component (AddParameter): Name = "BOM名称"; Value = "RT9193-30GB"; VariantName = "[No Variations]"
Add component (AddParameter): Name = "当前库版本V2022.11.14 @淘宝卖家:黄晶宝石"; Value = "最新版本发布https://shop463601444.taobao.com"; VariantName = "[No Variations]"
Added Component: Designator=U6(SOT-23-5)
Add component (AddParameter): Name = "BOM名称"; Value = "RT9193-30GB"; VariantName = "[No Variations]"
Add component (AddParameter): Name = "当前库版本V2022.11.14 @淘宝卖家:黄晶宝石"; Value = "最新版本发布https://shop463601444.taobao.com"; VariantName = "[No Variations]"
Added Component: Designator=U7(SOT-23-5)
Add component (AddParameter): Name = "BOM名称"; Value = "RT9193-30GB"; VariantName = "[No Variations]"
Add component (AddParameter): Name = "当前库版本V2022.11.14 @淘宝卖家:黄晶宝石"; Value = "最新版本发布https://shop463601444.taobao.com"; VariantName = "[No Variations]"
Added Component: Designator=U8(SOT-23-5)
Add component (AddParameter): Name = "BOM名称"; Value = "RT9193-30GB"; VariantName = "[No Variations]"
Add component (AddParameter): Name = "当前库版本V2022.11.14 @淘宝卖家:黄晶宝石"; Value = "最新版本发布https://shop463601444.taobao.com"; VariantName = "[No Variations]"
Added Component: Designator=Y1(3225)
Added Pin To Net: NetName=+12 Pin=JP6-1
Added Pin To Net: NetName=+12 Pin=S1-2
Added Net: Name=+12
Added Pin To Net: NetName=All_Power Pin=C13-2
Added Pin To Net: NetName=All_Power Pin=C14-2
Added Pin To Net: NetName=All_Power Pin=C21-2
Added Pin To Net: NetName=All_Power Pin=C22-2
Added Pin To Net: NetName=All_Power Pin=CE1-1
Added Pin To Net: NetName=All_Power Pin=JP4-2
Added Pin To Net: NetName=All_Power Pin=JP5-5
Added Pin To Net: NetName=All_Power Pin=LED2-1
Added Pin To Net: NetName=All_Power Pin=Q1-3
Added Pin To Net: NetName=All_Power Pin=S2-2
Added Pin To Net: NetName=All_Power Pin=TB6612-20
Added Pin To Net: NetName=All_Power Pin=TPSL1-2
Added Pin To Net: NetName=All_Power Pin=TPSR1-2
Added Pin To Net: NetName=All_Power Pin=U5-1
Added Pin To Net: NetName=All_Power Pin=U5-3
Added Pin To Net: NetName=All_Power Pin=U6-1
Added Pin To Net: NetName=All_Power Pin=U6-3
Added Pin To Net: NetName=All_Power Pin=U7-1
Added Pin To Net: NetName=All_Power Pin=U7-3
Added Pin To Net: NetName=All_Power Pin=U8-1
Added Pin To Net: NetName=All_Power Pin=U8-3
Added Net: Name=All_Power
Added Pin To Net: NetName=AO1 Pin=JP4-1
Added Pin To Net: NetName=AO1 Pin=TB6612-1
Added Pin To Net: NetName=AO1 Pin=TB6612-2
Added Net: Name=AO1
Added Pin To Net: NetName=AO2 Pin=JP4-6
Added Pin To Net: NetName=AO2 Pin=TB6612-5
Added Pin To Net: NetName=AO2 Pin=TB6612-6
Added Net: Name=AO2
Added Pin To Net: NetName=BO1 Pin=JP5-6
Added Pin To Net: NetName=BO1 Pin=TB6612-11
Added Pin To Net: NetName=BO1 Pin=TB6612-12
Added Net: Name=BO1
Added Pin To Net: NetName=BO2 Pin=JP5-1
Added Pin To Net: NetName=BO2 Pin=TB6612-7
Added Pin To Net: NetName=BO2 Pin=TB6612-8
Added Net: Name=BO2
Added Pin To Net: NetName=BOOT0 Pin=MCU-44
Added Pin To Net: NetName=BOOT0 Pin=R4-1
Added Net: Name=BOOT0
Added Pin To Net: NetName=GND Pin=C1-1
Added Pin To Net: NetName=GND Pin=C2-1
Added Pin To Net: NetName=GND Pin=C3-1
Added Pin To Net: NetName=GND Pin=C4-1
Added Pin To Net: NetName=GND Pin=C5-1
Added Pin To Net: NetName=GND Pin=C6-1
Added Pin To Net: NetName=GND Pin=C7-1
Added Pin To Net: NetName=GND Pin=C8-2
Added Pin To Net: NetName=GND Pin=C9-2
Added Pin To Net: NetName=GND Pin=C10-2
Added Pin To Net: NetName=GND Pin=C11-1
Added Pin To Net: NetName=GND Pin=C12-1
Added Pin To Net: NetName=GND Pin=C13-1
Added Pin To Net: NetName=GND Pin=C14-1
Added Pin To Net: NetName=GND Pin=C15-1
Added Pin To Net: NetName=GND Pin=C16-1
Added Pin To Net: NetName=GND Pin=C17-1
Added Pin To Net: NetName=GND Pin=C18-1
Added Pin To Net: NetName=GND Pin=C19-1
Added Pin To Net: NetName=GND Pin=C20-1
Added Pin To Net: NetName=GND Pin=C21-1
Added Pin To Net: NetName=GND Pin=C22-1
Added Pin To Net: NetName=GND Pin=C23-2
Added Pin To Net: NetName=GND Pin=C24-1
Added Pin To Net: NetName=GND Pin=C25-1
Added Pin To Net: NetName=GND Pin=CE1-2
Added Pin To Net: NetName=GND Pin=JP1-2
Added Pin To Net: NetName=GND Pin=JP2-4
Added Pin To Net: NetName=GND Pin=JP3-4
Added Pin To Net: NetName=GND Pin=JP4-5
Added Pin To Net: NetName=GND Pin=JP5-2
Added Pin To Net: NetName=GND Pin=JP6-2
Added Pin To Net: NetName=GND Pin=MCU-8
Added Pin To Net: NetName=GND Pin=MCU-23
Added Pin To Net: NetName=GND Pin=MCU-35
Added Pin To Net: NetName=GND Pin=MCU-47
Added Pin To Net: NetName=GND Pin=R4-2
Added Pin To Net: NetName=GND Pin=R5-2
Added Pin To Net: NetName=GND Pin=R6-1
Added Pin To Net: NetName=GND Pin=R11-1
Added Pin To Net: NetName=GND Pin=RESET1-1
Added Pin To Net: NetName=GND Pin=TB6612-3
Added Pin To Net: NetName=GND Pin=TB6612-4
Added Pin To Net: NetName=GND Pin=TB6612-9
Added Pin To Net: NetName=GND Pin=TB6612-10
Added Pin To Net: NetName=GND Pin=TB6612-18
Added Pin To Net: NetName=GND Pin=TPSC2-1
Added Pin To Net: NetName=GND Pin=TPSD1-1
Added Pin To Net: NetName=GND Pin=TPSR2-1
Added Pin To Net: NetName=GND Pin=U2-8
Added Pin To Net: NetName=GND Pin=U2-9
Added Pin To Net: NetName=GND Pin=U2-10
Added Pin To Net: NetName=GND Pin=U3-6
Added Pin To Net: NetName=GND Pin=U3-9
Added Pin To Net: NetName=GND Pin=U4-1
Added Pin To Net: NetName=GND Pin=U4-9
Added Pin To Net: NetName=GND Pin=U4-11
Added Pin To Net: NetName=GND Pin=U4-18
Added Pin To Net: NetName=GND Pin=U5-2
Added Pin To Net: NetName=GND Pin=U6-2
Added Pin To Net: NetName=GND Pin=U7-2
Added Pin To Net: NetName=GND Pin=U8-2
Added Pin To Net: NetName=GND Pin=Y1-2
Added Pin To Net: NetName=GND Pin=Y1-4
Added Net: Name=GND
Added Pin To Net: NetName=LED1 Pin=MCU-2
Added Pin To Net: NetName=LED1 Pin=R7-2
Added Net: Name=LED1
Added Pin To Net: NetName=LED2 Pin=MCU-41
Added Pin To Net: NetName=LED2 Pin=R8-2
Added Net: Name=LED2
Added Pin To Net: NetName=MPU6050_INT Pin=MCU-12
Added Pin To Net: NetName=MPU6050_INT Pin=U4-12
Added Net: Name=MPU6050_INT
Added Pin To Net: NetName=MPU6050_SCL Pin=MCU-21
Added Pin To Net: NetName=MPU6050_SCL Pin=R9-2
Added Pin To Net: NetName=MPU6050_SCL Pin=U4-23
Added Net: Name=MPU6050_SCL
Added Pin To Net: NetName=MPU6050_SDA Pin=MCU-22
Added Pin To Net: NetName=MPU6050_SDA Pin=R10-2
Added Pin To Net: NetName=MPU6050_SDA Pin=U4-24
Added Net: Name=MPU6050_SDA
Added Pin To Net: NetName=NetC10_1 Pin=C10-1
Added Pin To Net: NetName=NetC10_1 Pin=U4-20
Added Net: Name=NetC10_1
Added Pin To Net: NetName=NetC17_2 Pin=C17-2
Added Pin To Net: NetName=NetC17_2 Pin=U4-10
Added Net: Name=NetC17_2
Added Pin To Net: NetName=NetLED1_2 Pin=LED1-2
Added Pin To Net: NetName=NetLED1_2 Pin=R5-1
Added Net: Name=NetLED1_2
Added Pin To Net: NetName=NetLED2_2 Pin=LED2-2
Added Pin To Net: NetName=NetLED2_2 Pin=R6-2
Added Net: Name=NetLED2_2
Added Pin To Net: NetName=NetLED3_2 Pin=LED3-2
Added Pin To Net: NetName=NetLED3_2 Pin=R7-1
Added Net: Name=NetLED3_2
Added Pin To Net: NetName=NetLED4_2 Pin=LED4-2
Added Pin To Net: NetName=NetLED4_2 Pin=R8-1
Added Net: Name=NetLED4_2
Added Pin To Net: NetName=NetQ1_1 Pin=Q1-1
Added Pin To Net: NetName=NetQ1_1 Pin=R11-2
Added Net: Name=NetQ1_1
Added Pin To Net: NetName=NetTPSC1_1 Pin=TPSC1-1
Added Pin To Net: NetName=NetTPSC1_1 Pin=TPSD1-2
Added Pin To Net: NetName=NetTPSC1_1 Pin=TPSL1-1
Added Pin To Net: NetName=NetTPSC1_1 Pin=U3-8
Added Net: Name=NetTPSC1_1
Added Pin To Net: NetName=NetTPSC1_2 Pin=TPSC1-2
Added Pin To Net: NetName=NetTPSC1_2 Pin=U3-1
Added Net: Name=NetTPSC1_2
Added Pin To Net: NetName=NetTPSR1_1 Pin=TPSR1-1
Added Pin To Net: NetName=NetTPSR1_1 Pin=TPSR2-2
Added Pin To Net: NetName=NetTPSR1_1 Pin=U3-4
Added Net: Name=NetTPSR1_1
Added Pin To Net: NetName=NRF_CE Pin=MCU-18
Added Pin To Net: NetName=NRF_CE Pin=U2-2
Added Net: Name=NRF_CE
Added Pin To Net: NetName=NRF_CS Pin=MCU-17
Added Pin To Net: NetName=NRF_CS Pin=U2-3
Added Net: Name=NRF_CS
Added Pin To Net: NetName=NRF_IRQ Pin=MCU-13
Added Pin To Net: NetName=NRF_IRQ Pin=U2-7
Added Net: Name=NRF_IRQ
Added Pin To Net: NetName=NRF_MISO Pin=MCU-14
Added Pin To Net: NetName=NRF_MISO Pin=U2-6
Added Net: Name=NRF_MISO
Added Pin To Net: NetName=NRF_MOSI Pin=MCU-15
Added Pin To Net: NetName=NRF_MOSI Pin=U2-5
Added Net: Name=NRF_MOSI
Added Pin To Net: NetName=NRF_SCK Pin=MCU-16
Added Pin To Net: NetName=NRF_SCK Pin=U2-4
Added Net: Name=NRF_SCK
Added Pin To Net: NetName=NRST Pin=C8-1
Added Pin To Net: NetName=NRST Pin=MCU-7
Added Pin To Net: NetName=NRST Pin=R3-1
Added Pin To Net: NetName=NRST Pin=RESET1-2
Added Net: Name=NRST
Added Pin To Net: NetName=OLED_CLK Pin=JP1-3
Added Pin To Net: NetName=OLED_CLK Pin=MCU-39
Added Pin To Net: NetName=OLED_CLK Pin=R2-1
Added Net: Name=OLED_CLK
Added Pin To Net: NetName=OLED_SDA Pin=JP1-4
Added Pin To Net: NetName=OLED_SDA Pin=MCU-40
Added Pin To Net: NetName=OLED_SDA Pin=R1-1
Added Net: Name=OLED_SDA
Added Pin To Net: NetName=OSC_IN Pin=C1-2
Added Pin To Net: NetName=OSC_IN Pin=MCU-5
Added Pin To Net: NetName=OSC_IN Pin=Y1-1
Added Net: Name=OSC_IN
Added Pin To Net: NetName=OSC_OUT Pin=C7-2
Added Pin To Net: NetName=OSC_OUT Pin=MCU-6
Added Pin To Net: NetName=OSC_OUT Pin=Y1-3
Added Net: Name=OSC_OUT
Added Pin To Net: NetName=PA0 Pin=JP4-3
Added Pin To Net: NetName=PA0 Pin=MCU-10
Added Net: Name=PA0
Added Pin To Net: NetName=PA1 Pin=JP4-4
Added Pin To Net: NetName=PA1 Pin=MCU-11
Added Net: Name=PA1
Added Pin To Net: NetName=PA8 Pin=MCU-29
Added Pin To Net: NetName=PA8 Pin=TB6612-23
Added Net: Name=PA8
Added Pin To Net: NetName=PA11 Pin=MCU-32
Added Pin To Net: NetName=PA11 Pin=TB6612-15
Added Net: Name=PA11
Added Pin To Net: NetName=PB6 Pin=JP5-4
Added Pin To Net: NetName=PB6 Pin=MCU-42
Added Net: Name=PB6
Added Pin To Net: NetName=PB7 Pin=JP5-3
Added Pin To Net: NetName=PB7 Pin=MCU-43
Added Net: Name=PB7
Added Pin To Net: NetName=PB12 Pin=MCU-25
Added Pin To Net: NetName=PB12 Pin=TB6612-16
Added Net: Name=PB12
Added Pin To Net: NetName=PB13 Pin=MCU-26
Added Pin To Net: NetName=PB13 Pin=TB6612-17
Added Net: Name=PB13
Added Pin To Net: NetName=PB14 Pin=MCU-27
Added Pin To Net: NetName=PB14 Pin=TB6612-21
Added Net: Name=PB14
Added Pin To Net: NetName=PB15 Pin=MCU-28
Added Pin To Net: NetName=PB15 Pin=TB6612-22
Added Net: Name=PB15
Added Pin To Net: NetName=RX1 Pin=JP3-3
Added Pin To Net: NetName=RX1 Pin=MCU-31
Added Net: Name=RX1
Added Pin To Net: NetName=STBY_ON Pin=S2-3
Added Pin To Net: NetName=STBY_ON Pin=TB6612-19
Added Net: Name=STBY_ON
Added Pin To Net: NetName=SWCLK Pin=JP2-2
Added Pin To Net: NetName=SWCLK Pin=MCU-37
Added Net: Name=SWCLK
Added Pin To Net: NetName=SWDIO Pin=JP2-3
Added Pin To Net: NetName=SWDIO Pin=MCU-34
Added Net: Name=SWDIO
Added Pin To Net: NetName=TX1 Pin=JP3-2
Added Pin To Net: NetName=TX1 Pin=MCU-30
Added Net: Name=TX1
Added Pin To Net: NetName=V6050 Pin=C15-2
Added Pin To Net: NetName=V6050 Pin=C16-2
Added Pin To Net: NetName=V6050 Pin=C18-2
Added Pin To Net: NetName=V6050 Pin=C20-2
Added Pin To Net: NetName=V6050 Pin=R9-1
Added Pin To Net: NetName=V6050 Pin=R10-1
Added Pin To Net: NetName=V6050 Pin=U4-8
Added Pin To Net: NetName=V6050 Pin=U4-13
Added Pin To Net: NetName=V6050 Pin=U8-5
Added Net: Name=V6050
Added Pin To Net: NetName=VCC5 Pin=JP2-1
Added Pin To Net: NetName=VCC5 Pin=JP3-1
Added Pin To Net: NetName=VCC5 Pin=Q1-2
Added Net: Name=VCC5
Added Pin To Net: NetName=VCC12 Pin=C23-1
Added Pin To Net: NetName=VCC12 Pin=C24-2
Added Pin To Net: NetName=VCC12 Pin=C25-2
Added Pin To Net: NetName=VCC12 Pin=S1-3
Added Pin To Net: NetName=VCC12 Pin=TB6612-13
Added Pin To Net: NetName=VCC12 Pin=TB6612-14
Added Pin To Net: NetName=VCC12 Pin=TB6612-24
Added Pin To Net: NetName=VCC12 Pin=TPSC2-2
Added Pin To Net: NetName=VCC12 Pin=U3-7
Added Net: Name=VCC12
Added Pin To Net: NetName=VnRF Pin=C9-1
Added Pin To Net: NetName=VnRF Pin=C11-2
Added Pin To Net: NetName=VnRF Pin=U2-1
Added Pin To Net: NetName=VnRF Pin=U5-5
Added Net: Name=VnRF
Added Pin To Net: NetName=Voled Pin=C19-2
Added Pin To Net: NetName=Voled Pin=JP1-1
Added Pin To Net: NetName=Voled Pin=R1-2
Added Pin To Net: NetName=Voled Pin=R2-2
Added Pin To Net: NetName=Voled Pin=U7-5
Added Net: Name=Voled
Added Pin To Net: NetName=Vsys Pin=C2-2
Added Pin To Net: NetName=Vsys Pin=C3-2
Added Pin To Net: NetName=Vsys Pin=C4-2
Added Pin To Net: NetName=Vsys Pin=C5-2
Added Pin To Net: NetName=Vsys Pin=C6-2
Added Pin To Net: NetName=Vsys Pin=C12-2
Added Pin To Net: NetName=Vsys Pin=LED1-1
Added Pin To Net: NetName=Vsys Pin=LED3-1
Added Pin To Net: NetName=Vsys Pin=LED4-1
Added Pin To Net: NetName=Vsys Pin=MCU-1
Added Pin To Net: NetName=Vsys Pin=MCU-9
Added Pin To Net: NetName=Vsys Pin=MCU-24
Added Pin To Net: NetName=Vsys Pin=MCU-36
Added Pin To Net: NetName=Vsys Pin=MCU-48
Added Pin To Net: NetName=Vsys Pin=R3-2
Added Pin To Net: NetName=Vsys Pin=U6-5
Added Net: Name=Vsys
Added Class: Name=Sheet1
Added Room: Name=Sheet1
